[2021-02-07 12:36:37.203665: (1050, "Table 'accounts' already exists")]
[2021-02-07 12:36:37.803794: (1050, "Table 'accounts' already exists")]
[2021-02-07 12:48:14.626881: (1050, "Table 'portfolio' already exists")]
[2021-02-07 12:48:14.951798: (1050, "Table 'works' already exists")]
[2021-02-07 12:48:15.264522: (1050, "Table 'comments' already exists")]
[2021-02-07 12:48:15.542740: (1050, "Table 'questions' already exists")]
[2021-02-07 12:52:54.399327: (1050, "Table 'portfolio' already exists")]
[2021-02-07 12:52:55.085368: (1050, "Table 'works' already exists")]
[2021-02-07 12:52:57.067886: (1050, "Table 'comments' already exists")]
[2021-02-07 12:52:57.569823: (1050, "Table 'questions' already exists")]
[2021-02-07 12:53:06.320694: (1050, "Table 'portfolio' already exists")]
[2021-02-07 12:53:06.648266: (1050, "Table 'works' already exists")]
[2021-02-07 12:53:07.696310: (1050, "Table 'comments' already exists")]
[2021-02-07 12:53:07.918907: (1050, "Table 'questions' already exists")]
[2021-02-07 12:53:44.013723: (1050, "Table 'portfolio' already exists")]
[2021-02-07 12:53:44.237914: (1050, "Table 'works' already exists")]
[2021-02-07 12:53:44.471218: (1050, "Table 'comments' already exists")]
[2021-02-07 12:53:44.820116: (1050, "Table 'questions' already exists")]
[2021-02-07 12:53:57.591040: (1050, "Table 'portfolio' already exists")]
[2021-02-07 12:53:57.835943: (1050, "Table 'works' already exists")]
[2021-02-07 12:53:58.070169: (1050, "Table 'comments' already exists")]
[2021-02-07 12:53:58.315252: (1050, "Table 'questions' already exists")]
[2021-02-07 12:55:49.356122: (1050, "Table 'portfolio' already exists")]
[2021-02-07 12:55:49.563305: (1050, "Table 'works' already exists")]
[2021-02-07 12:55:49.797748: (1050, "Table 'comments' already exists")]
[2021-02-07 12:55:49.986115: (1050, "Table 'questions' already exists")]
[2021-02-07 12:56:02.070523: (1050, "Table 'portfolio' already exists")]
[2021-02-07 12:56:02.281305: (1050, "Table 'works' already exists")]
[2021-02-07 12:56:02.626970: (1050, "Table 'comments' already exists")]
[2021-02-07 12:56:02.849064: (1050, "Table 'questions' already exists")]
[2021-02-07 12:57:45.851803: (1050, "Table 'portfolio' already exists")]
[2021-02-07 12:57:46.139454: (1050, "Table 'works' already exists")]
[2021-02-07 12:57:46.531796: (1050, "Table 'comments' already exists")]
[2021-02-07 12:57:46.721194: (1050, "Table 'questions' already exists")]
[2021-02-07 12:58:14.814430: (1050, "Table 'portfolio' already exists")]
[2021-02-07 12:58:14.970206: (1050, "Table 'works' already exists")]
[2021-02-07 12:58:15.170413: (1050, "Table 'comments' already exists")]
[2021-02-07 12:58:15.426256: (1050, "Table 'questions' already exists")]
[2021-02-07 12:59:00.695602: (1050, "Table 'portfolio' already exists")]
[2021-02-07 12:59:00.941348: (1050, "Table 'works' already exists")]
[2021-02-07 12:59:01.131281: (1050, "Table 'comments' already exists")]
[2021-02-07 12:59:01.420470: (1050, "Table 'questions' already exists")]
[2021-02-07 12:59:33.406032: (1050, "Table 'portfolio' already exists")]
[2021-02-07 12:59:33.687624: (1050, "Table 'works' already exists")]
[2021-02-07 12:59:33.989336: (1050, "Table 'comments' already exists")]
[2021-02-07 12:59:34.223376: (1050, "Table 'questions' already exists")]
[2021-02-07 12:59:48.172119: (1050, "Table 'portfolio' already exists")]
[2021-02-07 12:59:48.396049: (1050, "Table 'works' already exists")]
[2021-02-07 12:59:48.729343: (1050, "Table 'comments' already exists")]
[2021-02-07 12:59:48.995926: (1050, "Table 'questions' already exists")]
[2021-02-07 13:00:23.109365: (1050, "Table 'portfolio' already exists")]
[2021-02-07 13:00:23.476374: (1050, "Table 'works' already exists")]
[2021-02-07 13:00:24.524636: (1050, "Table 'comments' already exists")]
[2021-02-07 13:00:24.935525: (1050, "Table 'questions' already exists")]
[2021-02-07 13:01:28.421503: (1050, "Table 'portfolio' already exists")]
[2021-02-07 13:01:28.639088: (1050, "Table 'works' already exists")]
[2021-02-07 13:01:29.183618: (1050, "Table 'comments' already exists")]
[2021-02-07 13:01:30.488892: (1050, "Table 'questions' already exists")]
[2021-02-07 13:06:20.540780: (1050, "Table 'portfolio' already exists")]
[2021-02-07 13:06:20.804835: (1050, "Table 'works' already exists")]
[2021-02-07 13:06:21.061856: (1050, "Table 'comments' already exists")]
[2021-02-07 13:06:21.542953: (1050, "Table 'questions' already exists")]
[2021-02-07 13:06:23.232353: (1050, "Table 'portfolio' already exists")]
[2021-02-07 13:06:23.471763: (1050, "Table 'works' already exists")]
[2021-02-07 13:06:23.705986: (1050, "Table 'comments' already exists")]
[2021-02-07 13:06:23.928280: (1050, "Table 'questions' already exists")]
[2021-02-07 13:07:06.055313: (1050, "Table 'portfolio' already exists")]
[2021-02-07 13:07:06.283450: (1050, "Table 'works' already exists")]
[2021-02-07 13:07:06.539489: (1050, "Table 'comments' already exists")]
[2021-02-07 13:07:06.889157: (1050, "Table 'questions' already exists")]
[2021-02-07 13:07:23.781247: (1050, "Table 'portfolio' already exists")]
[2021-02-07 13:07:23.991632: (1050, "Table 'works' already exists")]
[2021-02-07 13:07:25.191987: (1050, "Table 'comments' already exists")]
[2021-02-07 13:07:25.425580: (1050, "Table 'questions' already exists")]
[2021-02-07 13:08:01.421076: (1050, "Table 'portfolio' already exists")]
[2021-02-07 13:08:01.706219: (1050, "Table 'works' already exists")]
[2021-02-07 13:08:02.196856: (1050, "Table 'comments' already exists")]
[2021-02-07 13:08:03.603744: (1050, "Table 'questions' already exists")]
[2021-02-07 13:11:15.548574: (1050, "Table 'portfolio' already exists")]
[2021-02-07 13:11:15.785879: (1050, "Table 'works' already exists")]
[2021-02-07 13:11:16.299163: (1050, "Table 'comments' already exists")]
[2021-02-07 13:11:17.169208: (1050, "Table 'questions' already exists")]
[2021-02-07 13:13:00.287059: (1050, "Table 'portfolio' already exists")]
[2021-02-07 13:13:00.479808: (1050, "Table 'works' already exists")]
[2021-02-07 13:13:01.918120: (1050, "Table 'comments' already exists")]
[2021-02-07 13:13:02.120818: (1050, "Table 'questions' already exists")]
[2021-02-07 13:14:46.954214: (1050, "Table 'portfolio' already exists")]
[2021-02-07 13:14:47.212593: (1050, "Table 'works' already exists")]
[2021-02-07 13:14:47.574877: (1050, "Table 'comments' already exists")]
[2021-02-07 13:14:48.909030: (1050, "Table 'questions' already exists")]
[2021-02-07 13:17:28.448268: (1050, "Table 'portfolio' already exists")]
[2021-02-07 13:17:28.639951: (1050, "Table 'works' already exists")]
[2021-02-07 13:17:28.897823: (1050, "Table 'comments' already exists")]
[2021-02-07 13:17:30.311778: (1050, "Table 'questions' already exists")]
[2021-02-07 13:17:51.405777: (1050, "Table 'portfolio' already exists")]
[2021-02-07 13:17:51.647035: (1050, "Table 'works' already exists")]
[2021-02-07 13:17:51.958732: (1050, "Table 'comments' already exists")]
[2021-02-07 13:17:53.221276: (1050, "Table 'questions' already exists")]
[2021-02-07 13:18:07.329134: (1050, "Table 'portfolio' already exists")]
[2021-02-07 13:18:07.521734: (1050, "Table 'works' already exists")]
[2021-02-07 13:18:07.843661: (1050, "Table 'comments' already exists")]
[2021-02-07 13:18:08.232086: (1050, "Table 'questions' already exists")]
[2021-02-07 13:31:28.672930: (1050, "Table 'portfolio' already exists")]
[2021-02-07 13:31:28.899513: (1050, "Table 'works' already exists")]
[2021-02-07 13:31:29.134444: (1050, "Table 'comments' already exists")]
[2021-02-07 13:31:30.605743: (1050, "Table 'questions' already exists")]
[2021-02-07 13:33:09.487835: (1050, "Table 'portfolio' already exists")]
[2021-02-07 13:33:09.709783: (1050, "Table 'works' already exists")]
[2021-02-07 13:33:09.943221: (1050, "Table 'comments' already exists")]
[2021-02-07 13:33:10.123007: (1050, "Table 'questions' already exists")]
[2021-02-07 13:33:42.696791: (1050, "Table 'portfolio' already exists")]
[2021-02-07 13:33:42.903463: (1050, "Table 'works' already exists")]
[2021-02-07 13:33:43.148229: (1050, "Table 'comments' already exists")]
[2021-02-07 13:33:43.394132: (1050, "Table 'questions' already exists")]
[2021-02-07 13:35:03.575406: (1050, "Table 'portfolio' already exists")]
[2021-02-07 13:35:03.816938: (1050, "Table 'works' already exists")]
[2021-02-07 13:35:04.075731: (1050, "Table 'comments' already exists")]
[2021-02-07 13:35:05.357732: (1050, "Table 'questions' already exists")]
[2021-02-07 13:37:16.374468: (1050, "Table 'portfolio' already exists")]
[2021-02-07 13:37:16.666967: (1050, "Table 'works' already exists")]
[2021-02-07 13:37:17.068109: (1050, "Table 'comments' already exists")]
[2021-02-07 13:37:18.355436: (1050, "Table 'questions' already exists")]
[2021-02-07 13:37:18.987951: (1050, "Table 'portfolio' already exists")]
[2021-02-07 13:37:19.231179: (1050, "Table 'works' already exists")]
[2021-02-07 13:37:19.479418: (1050, "Table 'comments' already exists")]
[2021-02-07 13:37:19.725465: (1050, "Table 'questions' already exists")]
[2021-02-07 13:39:00.655766: (1050, "Table 'portfolio' already exists")]
[2021-02-07 13:39:00.893746: (1050, "Table 'works' already exists")]
[2021-02-07 13:39:01.083275: (1050, "Table 'comments' already exists")]
[2021-02-07 13:39:01.328267: (1050, "Table 'questions' already exists")]
[2021-02-07 13:40:35.007188: (1050, "Table 'portfolio' already exists")]
[2021-02-07 13:40:35.233728: (1050, "Table 'works' already exists")]
[2021-02-07 13:40:35.524868: (1050, "Table 'comments' already exists")]
[2021-02-07 13:40:35.801717: (1050, "Table 'questions' already exists")]
[2021-02-07 13:41:16.014454: (1050, "Table 'portfolio' already exists")]
[2021-02-07 13:41:16.261205: (1050, "Table 'works' already exists")]
[2021-02-07 13:41:16.507372: (1050, "Table 'comments' already exists")]
[2021-02-07 13:41:17.556514: (1050, "Table 'questions' already exists")]
[2021-02-07 13:44:26.690432: (1050, "Table 'portfolio' already exists")]
[2021-02-07 13:44:26.946978: (1050, "Table 'works' already exists")]
[2021-02-07 13:44:27.192038: (1050, "Table 'comments' already exists")]
[2021-02-07 13:44:27.427616: (1050, "Table 'questions' already exists")]
[2021-02-07 13:46:08.203559: (1050, "Table 'portfolio' already exists")]
[2021-02-07 13:46:08.483186: (1050, "Table 'works' already exists")]
[2021-02-07 13:46:09.675514: (1050, "Table 'comments' already exists")]
[2021-02-07 13:46:09.920229: (1050, "Table 'questions' already exists")]
[2021-02-07 13:53:05.170163: (1050, "Table 'portfolio' already exists")]
[2021-02-07 13:53:05.436988: (1050, "Table 'works' already exists")]
[2021-02-07 13:53:05.728105: (1050, "Table 'comments' already exists")]
[2021-02-07 13:53:05.971420: (1050, "Table 'questions' already exists")]
[2021-02-07 13:53:06.581112: (1050, "Table 'portfolio' already exists")]
[2021-02-07 13:53:07.666490: (1050, "Table 'works' already exists")]
[2021-02-07 13:53:08.291900: (1050, "Table 'comments' already exists")]
[2021-02-07 13:53:08.513632: (1050, "Table 'questions' already exists")]
[2021-02-07 13:53:38.575354: (1050, "Table 'portfolio' already exists")]
[2021-02-07 13:53:38.830887: (1050, "Table 'works' already exists")]
[2021-02-07 13:53:40.336184: (1050, "Table 'comments' already exists")]
[2021-02-07 13:53:40.614077: (1050, "Table 'questions' already exists")]
[2021-02-07 13:54:09.601984: (1050, "Table 'portfolio' already exists")]
[2021-02-07 13:54:09.860439: (1050, "Table 'works' already exists")]
[2021-02-07 13:54:10.082977: (1050, "Table 'comments' already exists")]
[2021-02-07 13:54:10.406956: (1050, "Table 'questions' already exists")]
[2021-02-07 13:54:41.719555: (1050, "Table 'portfolio' already exists")]
[2021-02-07 13:54:42.216079: (1050, "Table 'works' already exists")]
[2021-02-07 13:54:42.473237: (1050, "Table 'comments' already exists")]
[2021-02-07 13:54:43.623675: (1050, "Table 'questions' already exists")]
[2021-02-07 13:54:54.565985: (1050, "Table 'portfolio' already exists")]
[2021-02-07 13:54:54.847267: (1050, "Table 'works' already exists")]
[2021-02-07 13:54:55.182331: (1050, "Table 'comments' already exists")]
[2021-02-07 13:54:56.730947: (1050, "Table 'questions' already exists")]
[2021-02-07 13:56:24.583724: (1050, "Table 'portfolio' already exists")]
[2021-02-07 13:56:24.809222: (1050, "Table 'works' already exists")]
[2021-02-07 13:56:25.077009: (1050, "Table 'comments' already exists")]
[2021-02-07 13:56:26.324414: (1050, "Table 'questions' already exists")]
[2021-02-07 13:56:38.177065: (1050, "Table 'portfolio' already exists")]
[2021-02-07 13:56:38.636246: (1050, "Table 'works' already exists")]
[2021-02-07 13:56:39.886376: (1050, "Table 'comments' already exists")]
[2021-02-07 13:56:40.386846: (1050, "Table 'questions' already exists")]
[2021-02-07 13:57:35.782243: (1050, "Table 'portfolio' already exists")]
[2021-02-07 13:57:36.131974: (1050, "Table 'works' already exists")]
[2021-02-07 13:57:36.377717: (1050, "Table 'comments' already exists")]
[2021-02-07 13:57:36.622470: (1050, "Table 'questions' already exists")]
[2021-02-07 13:58:57.100986: (1050, "Table 'portfolio' already exists")]
[2021-02-07 13:58:57.292992: (1050, "Table 'works' already exists")]
[2021-02-07 13:58:57.706098: (1050, "Table 'comments' already exists")]
[2021-02-07 13:58:59.211482: (1050, "Table 'questions' already exists")]
[2021-02-07 13:58:59.806714: (1050, "Table 'portfolio' already exists")]
[2021-02-07 13:59:00.071663: (1050, "Table 'works' already exists")]
[2021-02-07 13:59:00.469790: (1050, "Table 'comments' already exists")]
[2021-02-07 13:59:00.696539: (1050, "Table 'questions' already exists")]
[2021-02-07 13:59:39.504371: (1050, "Table 'portfolio' already exists")]
[2021-02-07 13:59:39.761714: (1050, "Table 'works' already exists")]
[2021-02-07 13:59:40.130546: (1050, "Table 'comments' already exists")]
[2021-02-07 13:59:41.279610: (1050, "Table 'questions' already exists")]
[2021-02-07 13:59:42.160713: (1050, "Table 'portfolio' already exists")]
[2021-02-07 13:59:42.393166: (1050, "Table 'works' already exists")]
[2021-02-07 13:59:42.847768: (1050, "Table 'comments' already exists")]
[2021-02-07 13:59:43.354331: (1050, "Table 'questions' already exists")]
[2021-02-07 14:02:43.102934: (1050, "Table 'portfolio' already exists")]
[2021-02-07 14:02:43.313562: (1050, "Table 'works' already exists")]
[2021-02-07 14:02:43.601285: (1050, "Table 'comments' already exists")]
[2021-02-07 14:02:44.669774: (1050, "Table 'questions' already exists")]
[2021-02-07 14:25:37.084573: (1050, "Table 'portfolio' already exists")]
[2021-02-07 14:25:37.348724: (1050, "Table 'works' already exists")]
[2021-02-07 14:25:37.717325: (1050, "Table 'comments' already exists")]
[2021-02-07 14:25:38.764807: (1050, "Table 'questions' already exists")]
[2021-02-07 14:25:50.056813: (1050, "Table 'portfolio' already exists")]
[2021-02-07 14:25:50.331109: (1050, "Table 'works' already exists")]
[2021-02-07 14:25:51.962522: (1050, "Table 'comments' already exists")]
[2021-02-07 14:25:52.283580: (1050, "Table 'questions' already exists")]
[2021-02-07 14:29:06.297067: (1050, "Table 'portfolio' already exists")]
[2021-02-07 14:29:06.520549: (1050, "Table 'works' already exists")]
[2021-02-07 14:29:06.765617: (1050, "Table 'comments' already exists")]
[2021-02-07 14:29:06.955479: (1050, "Table 'questions' already exists")]
[2021-02-07 14:29:42.155884: (1050, "Table 'portfolio' already exists")]
[2021-02-07 14:29:42.375671: (1050, "Table 'works' already exists")]
[2021-02-07 14:29:42.733297: (1050, "Table 'comments' already exists")]
[2021-02-07 14:29:44.148713: (1050, "Table 'questions' already exists")]
[2021-02-07 14:29:57.022194: (1050, "Table 'portfolio' already exists")]
[2021-02-07 14:29:57.633432: (1050, "Table 'works' already exists")]
[2021-02-07 14:29:58.692024: (1050, "Table 'comments' already exists")]
[2021-02-07 14:29:58.970873: (1050, "Table 'questions' already exists")]
[2021-02-07 14:30:13.918577: (1050, "Table 'portfolio' already exists")]
[2021-02-07 14:30:14.451197: (1050, "Table 'works' already exists")]
[2021-02-07 14:30:14.641893: (1050, "Table 'comments' already exists")]
[2021-02-07 14:30:14.840816: (1050, "Table 'questions' already exists")]
[2021-02-07 14:30:33.847200: (1050, "Table 'portfolio' already exists")]
[2021-02-07 14:30:34.229121: (1050, "Table 'works' already exists")]
[2021-02-07 14:30:36.002665: (1050, "Table 'comments' already exists")]
[2021-02-07 14:30:36.297884: (1050, "Table 'questions' already exists")]
[2021-02-07 14:32:24.970242: (1050, "Table 'portfolio' already exists")]
[2021-02-07 14:32:25.179727: (1050, "Table 'works' already exists")]
[2021-02-07 14:32:25.414323: (1050, "Table 'comments' already exists")]
[2021-02-07 14:32:25.692629: (1050, "Table 'questions' already exists")]
[2021-02-07 14:32:27.209527: (1050, "Table 'portfolio' already exists")]
[2021-02-07 14:32:27.653380: (1050, "Table 'works' already exists")]
[2021-02-07 14:32:27.900713: (1050, "Table 'comments' already exists")]
[2021-02-07 14:32:28.133048: (1050, "Table 'questions' already exists")]
[2021-02-07 14:35:35.162322: (1050, "Table 'portfolio' already exists")]
[2021-02-07 14:35:35.399804: (1050, "Table 'works' already exists")]
[2021-02-07 14:35:35.924606: (1050, "Table 'comments' already exists")]
[2021-02-07 14:35:37.305985: (1050, "Table 'questions' already exists")]
[2021-02-07 14:38:26.005765: (1050, "Table 'portfolio' already exists")]
[2021-02-07 14:38:26.313080: (1050, "Table 'works' already exists")]
[2021-02-07 14:38:26.558234: (1050, "Table 'comments' already exists")]
[2021-02-07 14:38:26.792473: (1050, "Table 'questions' already exists")]
[2021-02-07 14:40:44.045174: (1050, "Table 'portfolio' already exists")]
[2021-02-07 14:40:44.284955: (1050, "Table 'works' already exists")]
[2021-02-07 14:40:44.574854: (1050, "Table 'comments' already exists")]
[2021-02-07 14:40:44.853299: (1050, "Table 'questions' already exists")]
[2021-02-07 14:41:58.512742: (1050, "Table 'portfolio' already exists")]
[2021-02-07 14:41:58.749496: (1050, "Table 'works' already exists")]
[2021-02-07 14:41:59.984131: (1050, "Table 'comments' already exists")]
[2021-02-07 14:42:00.604359: (1050, "Table 'questions' already exists")]
[2021-02-07 14:44:17.383636: (1050, "Table 'portfolio' already exists")]
[2021-02-07 14:44:17.581075: (1050, "Table 'works' already exists")]
[2021-02-07 14:44:17.816439: (1050, "Table 'comments' already exists")]
[2021-02-07 14:44:18.006710: (1050, "Table 'questions' already exists")]
[2021-02-07 14:45:33.775731: (1050, "Table 'portfolio' already exists")]
[2021-02-07 14:45:34.010661: (1050, "Table 'works' already exists")]
[2021-02-07 14:45:34.267744: (1050, "Table 'comments' already exists")]
[2021-02-07 14:45:34.558448: (1050, "Table 'questions' already exists")]
[2021-02-07 14:45:36.709492: (1050, "Table 'portfolio' already exists")]
[2021-02-07 14:45:37.007416: (1050, "Table 'works' already exists")]
[2021-02-07 14:45:37.416146: (1050, "Table 'comments' already exists")]
[2021-02-07 14:45:37.660667: (1050, "Table 'questions' already exists")]
[2021-02-07 14:47:17.558729: (1050, "Table 'portfolio' already exists")]
[2021-02-07 14:47:17.794740: (1050, "Table 'works' already exists")]
[2021-02-07 14:47:18.040394: (1050, "Table 'comments' already exists")]
[2021-02-07 14:47:18.252487: (1050, "Table 'questions' already exists")]
[2021-02-07 14:47:26.606569: (1050, "Table 'portfolio' already exists")]
[2021-02-07 14:47:26.806543: (1050, "Table 'works' already exists")]
[2021-02-07 14:47:27.111489: (1050, "Table 'comments' already exists")]
[2021-02-07 14:47:28.651937: (1050, "Table 'questions' already exists")]
[2021-02-07 14:53:10.332423: (1050, "Table 'portfolio' already exists")]
[2021-02-07 14:53:10.643354: (1050, "Table 'works' already exists")]
[2021-02-07 14:53:10.922022: (1050, "Table 'comments' already exists")]
[2021-02-07 14:53:12.371423: (1050, "Table 'questions' already exists")]
[2021-02-07 15:05:27.910692: (1050, "Table 'portfolio' already exists")]
[2021-02-07 15:05:28.166878: (1050, "Table 'works' already exists")]
[2021-02-07 15:05:28.400714: (1050, "Table 'comments' already exists")]
[2021-02-07 15:05:28.681495: (1050, "Table 'questions' already exists")]
[2021-02-07 15:33:40.955301: (1050, "Table 'portfolio' already exists")]
[2021-02-07 15:33:41.195132: (1050, "Table 'works' already exists")]
[2021-02-07 15:33:41.429743: (1050, "Table 'comments' already exists")]
[2021-02-07 15:33:41.640856: (1050, "Table 'questions' already exists")]
[2021-02-07 16:08:07.721583: (1050, "Table 'portfolio' already exists")]
[2021-02-07 16:08:07.975829: (1050, "Table 'works' already exists")]
[2021-02-07 16:08:09.067637: (1050, "Table 'comments' already exists")]
[2021-02-07 16:08:09.313106: (1050, "Table 'questions' already exists")]
[2021-02-07 16:15:04.148702: (1050, "Table 'portfolio' already exists")]
[2021-02-07 16:15:04.431401: (1050, "Table 'works' already exists")]
[2021-02-07 16:15:06.170232: (1050, "Table 'comments' already exists")]
[2021-02-07 16:15:06.393098: (1050, "Table 'questions' already exists")]
[2021-02-07 16:20:09.694206: (1050, "Table 'portfolio' already exists")]
[2021-02-07 16:20:09.922962: (1050, "Table 'works' already exists")]
[2021-02-07 16:20:10.156336: (1050, "Table 'comments' already exists")]
[2021-02-07 16:20:10.390571: (1050, "Table 'questions' already exists")]
[2021-02-07 16:20:58.579852: (1050, "Table 'portfolio' already exists")]
[2021-02-07 16:20:58.903174: (1050, "Table 'works' already exists")]
[2021-02-07 16:20:59.204522: (1050, "Table 'comments' already exists")]
[2021-02-07 16:21:00.575238: (1050, "Table 'questions' already exists")]
[2021-02-07 16:22:16.366952: (1050, "Table 'portfolio' already exists")]
[2021-02-07 16:22:16.572991: (1050, "Table 'works' already exists")]
[2021-02-07 16:22:16.807137: (1050, "Table 'comments' already exists")]
[2021-02-07 16:22:17.063445: (1050, "Table 'questions' already exists")]
